[ 2013-11-29T14:15:18+08:00 ] 127.0.0.1 /cscchina/index.php?g=admin&m=index&a=login
INFO: [ app_begin ] --START--
INFO: Run ReadHtmlCache Behavior [ RunTime:0.025122s ]
INFO: Run load_lang Behavior [ RunTime:0.029792s ]
INFO: [ app_begin ] --END-- [ RunTime:0.065539s ]
INFO: [ view_template ] --START--
INFO: Run LocationTemplate Behavior [ RunTime:0.031793s ]
INFO: [ view_template ] --END-- [ RunTime:0.031927s ]
INFO: [ view_parse ] --START--
INFO: Run ParseTemplate Behavior [ RunTime:0.493411s ]
INFO: [ view_parse ] --END-- [ RunTime:0.493537s ]
INFO: [ view_filter ] --START--
INFO: Run ContentReplace Behavior [ RunTime:0.013938s ]
INFO: Run TokenBuild Behavior [ RunTime:0.009846s ]
INFO: Run WriteHtmlCache Behavior [ RunTime:0.001444s ]
INFO: Run ShowRuntime Behavior [ RunTime:0.026493s ]
INFO: Run content_replace Behavior [ RunTime:0.117609s ]
INFO: [ view_filter ] --END-- [ RunTime:0.169859s ]
INFO: [ view_end ] --START--
INFO: Run ShowPageTrace Behavior [ RunTime:0.001781s ]
INFO: [ view_end ] --END-- [ RunTime:0.001893s ]

[ 2013-11-29T14:15:25+08:00 ] 127.0.0.1 /cscchina/index.php?g=admin&m=index&a=login
INFO: [ app_begin ] --START--
INFO: Run ReadHtmlCache Behavior [ RunTime:0.000438s ]
INFO: Run load_lang Behavior [ RunTime:0.001593s ]
INFO: [ app_begin ] --END-- [ RunTime:0.002245s ]
SQL: SHOW COLUMNS FROM `ik_admin` [ RunTime:0.126476s ]
SQL: SELECT * FROM `ik_admin` WHERE ( `email` = 'admin@admin.com' ) AND ( `status` = 1 ) LIMIT 1   [ RunTime:0.016258s ]
SQL: UPDATE `ik_admin` SET `last_time`=1385705725,`last_ip`='127.0.0.1' WHERE ( `userid` = 1 ) [ RunTime:0.011721s ]
INFO: [ view_template ] --START--
INFO: Run LocationTemplate Behavior [ RunTime:0.015422s ]
INFO: [ view_template ] --END-- [ RunTime:0.015550s ]
INFO: [ view_parse ] --START--
NOTIC: [8] Undefined variable: title D:\APMServ5.2.6\www\htdocs\cscchina\data\runtime\Cache\admin\93455158fc92285fa549de1f195e0dc9.php 第 7 行.
INFO: Run ParseTemplate Behavior [ RunTime:0.114948s ]
INFO: [ view_parse ] --END-- [ RunTime:0.115063s ]
INFO: [ view_filter ] --START--
INFO: Run ContentReplace Behavior [ RunTime:0.000449s ]
INFO: Run TokenBuild Behavior [ RunTime:0.000391s ]
INFO: Run WriteHtmlCache Behavior [ RunTime:0.000295s ]
INFO: Run ShowRuntime Behavior [ RunTime:0.000679s ]
INFO: Run content_replace Behavior [ RunTime:0.001231s ]
INFO: [ view_filter ] --END-- [ RunTime:0.003383s ]
INFO: [ view_end ] --START--
INFO: Run ShowPageTrace Behavior [ RunTime:0.000378s ]
INFO: [ view_end ] --END-- [ RunTime:0.000469s ]

[ 2013-11-29T14:15:27+08:00 ] 127.0.0.1 /cscchina/index.php?g=admin&m=index&a=index
INFO: [ app_begin ] --START--
INFO: Run ReadHtmlCache Behavior [ RunTime:0.000539s ]
INFO: Run load_lang Behavior [ RunTime:0.001619s ]
INFO: [ app_begin ] --END-- [ RunTime:0.002393s ]
INFO: [ view_template ] --START--
INFO: Run LocationTemplate Behavior [ RunTime:0.018739s ]
INFO: [ view_template ] --END-- [ RunTime:0.018877s ]
INFO: [ view_parse ] --START--
NOTIC: [8] Undefined variable: admin D:\APMServ5.2.6\www\htdocs\cscchina\data\runtime\Cache\admin\eac52eb4beb26b1a7cc980f46d91756f.php 第 88 行.
INFO: Run ParseTemplate Behavior [ RunTime:0.135050s ]
INFO: [ view_parse ] --END-- [ RunTime:0.135155s ]
INFO: [ view_filter ] --START--
INFO: Run ContentReplace Behavior [ RunTime:0.000469s ]
INFO: Run TokenBuild Behavior [ RunTime:0.000372s ]
INFO: Run WriteHtmlCache Behavior [ RunTime:0.000288s ]
INFO: Run ShowRuntime Behavior [ RunTime:0.000661s ]
INFO: Run content_replace Behavior [ RunTime:0.001244s ]
INFO: [ view_filter ] --END-- [ RunTime:0.003379s ]
INFO: [ view_end ] --START--
INFO: Run ShowPageTrace Behavior [ RunTime:0.000429s ]
INFO: [ view_end ] --END-- [ RunTime:0.000525s ]

[ 2013-11-29T14:15:28+08:00 ] 127.0.0.1 /cscchina/index.php?g=admin&m=index&a=main
INFO: [ app_begin ] --START--
INFO: Run ReadHtmlCache Behavior [ RunTime:0.000384s ]
INFO: Run load_lang Behavior [ RunTime:0.001561s ]
INFO: [ app_begin ] --END-- [ RunTime:0.002149s ]
NOTIC: [8] Use of undefined constant gd_info - assumed 'gd_info' D:\APMServ5.2.6\www\htdocs\cscchina\app\Lib\Action\admin\indexAction.class.php 第 52 行.
NOTIC: [2] mysql_get_server_info() [<a href='function.mysql-get-server-info'>function.mysql-get-server-info</a>]: Access denied for user 'ODBC'@'localhost' (using password: NO) D:\APMServ5.2.6\www\htdocs\cscchina\app\Lib\Action\admin\indexAction.class.php 第 63 行.
NOTIC: [2] mysql_get_server_info() [<a href='function.mysql-get-server-info'>function.mysql-get-server-info</a>]: A link to the server could not be established D:\APMServ5.2.6\www\htdocs\cscchina\app\Lib\Action\admin\indexAction.class.php 第 63 行.
NOTIC: [8] Use of undefined constant HTTP_ACCEPT_LANGUAGE - assumed 'HTTP_ACCEPT_LANGUAGE' D:\APMServ5.2.6\www\htdocs\cscchina\app\Lib\Action\admin\indexAction.class.php 第 64 行.
NOTIC: [8] Use of undefined constant DOCUMENT_ROOT - assumed 'DOCUMENT_ROOT' D:\APMServ5.2.6\www\htdocs\cscchina\app\Lib\Action\admin\indexAction.class.php 第 66 行.
NOTIC: [8] Use of undefined constant HTTP_ACCEPT_ENCODING - assumed 'HTTP_ACCEPT_ENCODING' D:\APMServ5.2.6\www\htdocs\cscchina\app\Lib\Action\admin\indexAction.class.php 第 70 行.
INFO: [ view_template ] --START--
INFO: Run LocationTemplate Behavior [ RunTime:0.001680s ]
INFO: [ view_template ] --END-- [ RunTime:0.001794s ]
INFO: [ view_parse ] --START--
NOTIC: [8] Undefined variable: title D:\APMServ5.2.6\www\htdocs\cscchina\data\runtime\Cache\admin\4d2596d1501116a415c5b5a06782a433.php 第 7 行.
INFO: Run ParseTemplate Behavior [ RunTime:0.175175s ]
INFO: [ view_parse ] --END-- [ RunTime:0.175293s ]
INFO: [ view_filter ] --START--
INFO: Run ContentReplace Behavior [ RunTime:0.000408s ]
INFO: Run TokenBuild Behavior [ RunTime:0.000368s ]
INFO: Run WriteHtmlCache Behavior [ RunTime:0.000280s ]
INFO: Run ShowRuntime Behavior [ RunTime:0.000700s ]
INFO: Run content_replace Behavior [ RunTime:0.001498s ]
INFO: [ view_filter ] --END-- [ RunTime:0.003625s ]
INFO: [ view_end ] --START--
INFO: Run ShowPageTrace Behavior [ RunTime:0.000401s ]
INFO: [ view_end ] --END-- [ RunTime:0.000500s ]

[ 2013-11-29T14:15:28+08:00 ] 127.0.0.1 /cscchina/index.php?g=admin&m=index&a=left
INFO: [ app_begin ] --START--
INFO: Run ReadHtmlCache Behavior [ RunTime:0.001312s ]
INFO: Run load_lang Behavior [ RunTime:0.002475s ]
INFO: [ app_begin ] --END-- [ RunTime:0.004027s ]
INFO: [ view_template ] --START--
INFO: Run LocationTemplate Behavior [ RunTime:0.001542s ]
INFO: [ view_template ] --END-- [ RunTime:0.001655s ]
INFO: [ view_parse ] --START--
INFO: Run ParseTemplate Behavior [ RunTime:0.099384s ]
INFO: [ view_parse ] --END-- [ RunTime:0.099507s ]
INFO: [ view_filter ] --START--
INFO: Run ContentReplace Behavior [ RunTime:0.000986s ]
INFO: Run TokenBuild Behavior [ RunTime:0.000870s ]
INFO: Run WriteHtmlCache Behavior [ RunTime:0.000807s ]
INFO: Run ShowRuntime Behavior [ RunTime:0.000923s ]
INFO: Run content_replace Behavior [ RunTime:0.002155s ]
INFO: [ view_filter ] --END-- [ RunTime:0.006107s ]
INFO: [ view_end ] --START--
INFO: Run ShowPageTrace Behavior [ RunTime:0.001063s ]
INFO: [ view_end ] --END-- [ RunTime:0.001183s ]

[ 2013-11-29T14:15:29+08:00 ] 127.0.0.1 /cscchina/index.php?g=admin&m=index&a=left&ik=forum
INFO: [ app_begin ] --START--
INFO: Run ReadHtmlCache Behavior [ RunTime:0.000396s ]
INFO: Run load_lang Behavior [ RunTime:0.001784s ]
INFO: [ app_begin ] --END-- [ RunTime:0.002379s ]
INFO: [ view_template ] --START--
INFO: Run LocationTemplate Behavior [ RunTime:0.001263s ]
INFO: [ view_template ] --END-- [ RunTime:0.001373s ]
INFO: [ view_parse ] --START--
INFO: Run ParseTemplate Behavior [ RunTime:0.019283s ]
INFO: [ view_parse ] --END-- [ RunTime:0.019393s ]
INFO: [ view_filter ] --START--
INFO: Run ContentReplace Behavior [ RunTime:0.000706s ]
INFO: Run TokenBuild Behavior [ RunTime:0.000433s ]
INFO: Run WriteHtmlCache Behavior [ RunTime:0.000287s ]
INFO: Run ShowRuntime Behavior [ RunTime:0.001215s ]
INFO: Run content_replace Behavior [ RunTime:0.001230s ]
INFO: [ view_filter ] --END-- [ RunTime:0.004221s ]
INFO: [ view_end ] --START--
INFO: Run ShowPageTrace Behavior [ RunTime:0.000364s ]
INFO: [ view_end ] --END-- [ RunTime:0.000446s ]

[ 2013-11-29T14:15:30+08:00 ] 127.0.0.1 /cscchina/index.php?g=admin&m=forum&a=manage&catename=subject
INFO: [ app_begin ] --START--
INFO: Run ReadHtmlCache Behavior [ RunTime:0.000394s ]
INFO: Run load_lang Behavior [ RunTime:0.001587s ]
INFO: [ app_begin ] --END-- [ RunTime:0.002199s ]
SQL: SHOW COLUMNS FROM `ik_forum` [ RunTime:0.039906s ]
SQL: SELECT COUNT(*) AS tp_count FROM `ik_forum` WHERE ( `catename` = 'subject' ) ORDER BY addtime desc LIMIT 1   [ RunTime:0.019224s ]
SQL: SELECT * FROM `ik_forum` WHERE ( `catename` = 'subject' ) ORDER BY addtime desc LIMIT 0,20   [ RunTime:0.000559s ]
SQL: SHOW COLUMNS FROM `ik_user` [ RunTime:0.045508s ]
SQL: SELECT * FROM `ik_user` WHERE ( `userid` = 1 ) LIMIT 1   [ RunTime:0.001321s ]
INFO: [ view_template ] --START--
INFO: Run LocationTemplate Behavior [ RunTime:0.022322s ]
INFO: [ view_template ] --END-- [ RunTime:0.022435s ]
INFO: [ view_parse ] --START--
NOTIC: [8] Use of undefined constant id - assumed 'id' D:\APMServ5.2.6\www\htdocs\cscchina\data\runtime\Cache\admin\ccceee9539cca3f8946c5af2d328b4b2.php 第 55 行.
NOTIC: [8] Use of undefined constant id - assumed 'id' D:\APMServ5.2.6\www\htdocs\cscchina\data\runtime\Cache\admin\ccceee9539cca3f8946c5af2d328b4b2.php 第 56 行.
NOTIC: [8] Use of undefined constant id - assumed 'id' D:\APMServ5.2.6\www\htdocs\cscchina\data\runtime\Cache\admin\ccceee9539cca3f8946c5af2d328b4b2.php 第 57 行.
NOTIC: [8] Use of undefined constant title - assumed 'title' D:\APMServ5.2.6\www\htdocs\cscchina\data\runtime\Cache\admin\ccceee9539cca3f8946c5af2d328b4b2.php 第 57 行.
NOTIC: [8] Use of undefined constant catename - assumed 'catename' D:\APMServ5.2.6\www\htdocs\cscchina\data\runtime\Cache\admin\ccceee9539cca3f8946c5af2d328b4b2.php 第 58 行.
NOTIC: [8] Use of undefined constant user - assumed 'user' D:\APMServ5.2.6\www\htdocs\cscchina\data\runtime\Cache\admin\ccceee9539cca3f8946c5af2d328b4b2.php 第 59 行.
NOTIC: [8] Use of undefined constant username - assumed 'username' D:\APMServ5.2.6\www\htdocs\cscchina\data\runtime\Cache\admin\ccceee9539cca3f8946c5af2d328b4b2.php 第 59 行.
NOTIC: [8] Use of undefined constant addtime - assumed 'addtime' D:\APMServ5.2.6\www\htdocs\cscchina\data\runtime\Cache\admin\ccceee9539cca3f8946c5af2d328b4b2.php 第 60 行.
NOTIC: [8] Use of undefined constant isaudit - assumed 'isaudit' D:\APMServ5.2.6\www\htdocs\cscchina\data\runtime\Cache\admin\ccceee9539cca3f8946c5af2d328b4b2.php 第 62 行.
NOTIC: [8] Use of undefined constant istop - assumed 'istop' D:\APMServ5.2.6\www\htdocs\cscchina\data\runtime\Cache\admin\ccceee9539cca3f8946c5af2d328b4b2.php 第 67 行.
NOTIC: [8] Use of undefined constant isdigest - assumed 'isdigest' D:\APMServ5.2.6\www\htdocs\cscchina\data\runtime\Cache\admin\ccceee9539cca3f8946c5af2d328b4b2.php 第 68 行.
NOTIC: [8] Use of undefined constant id - assumed 'id' D:\APMServ5.2.6\www\htdocs\cscchina\data\runtime\Cache\admin\ccceee9539cca3f8946c5af2d328b4b2.php 第 70 行.
NOTIC: [8] Use of undefined constant id - assumed 'id' D:\APMServ5.2.6\www\htdocs\cscchina\data\runtime\Cache\admin\ccceee9539cca3f8946c5af2d328b4b2.php 第 70 行.
NOTIC: [8] Use of undefined constant orderid - assumed 'orderid' D:\APMServ5.2.6\www\htdocs\cscchina\data\runtime\Cache\admin\ccceee9539cca3f8946c5af2d328b4b2.php 第 70 行.
NOTIC: [8] Use of undefined constant catename - assumed 'catename' D:\APMServ5.2.6\www\htdocs\cscchina\data\runtime\Cache\admin\ccceee9539cca3f8946c5af2d328b4b2.php 第 72 行.
NOTIC: [8] Use of undefined constant id - assumed 'id' D:\APMServ5.2.6\www\htdocs\cscchina\data\runtime\Cache\admin\ccceee9539cca3f8946c5af2d328b4b2.php 第 72 行.
NOTIC: [8] Use of undefined constant catename - assumed 'catename' D:\APMServ5.2.6\www\htdocs\cscchina\data\runtime\Cache\admin\ccceee9539cca3f8946c5af2d328b4b2.php 第 74 行.
NOTIC: [8] Use of undefined constant id - assumed 'id' D:\APMServ5.2.6\www\htdocs\cscchina\data\runtime\Cache\admin\ccceee9539cca3f8946c5af2d328b4b2.php 第 74 行.
NOTIC: [8] Use of undefined constant istop - assumed 'istop' D:\APMServ5.2.6\www\htdocs\cscchina\data\runtime\Cache\admin\ccceee9539cca3f8946c5af2d328b4b2.php 第 78 行.
NOTIC: [8] Use of undefined constant catename - assumed 'catename' D:\APMServ5.2.6\www\htdocs\cscchina\data\runtime\Cache\admin\ccceee9539cca3f8946c5af2d328b4b2.php 第 78 行.
NOTIC: [8] Use of undefined constant id - assumed 'id' D:\APMServ5.2.6\www\htdocs\cscchina\data\runtime\Cache\admin\ccceee9539cca3f8946c5af2d328b4b2.php 第 78 行.
INFO: Run ParseTemplate Behavior [ RunTime:0.149388s ]
INFO: [ view_parse ] --END-- [ RunTime:0.149513s ]
INFO: [ view_filter ] --START--
INFO: Run ContentReplace Behavior [ RunTime:0.000480s ]
INFO: Run TokenBuild Behavior [ RunTime:0.000364s ]
INFO: Run WriteHtmlCache Behavior [ RunTime:0.000449s ]
INFO: Run ShowRuntime Behavior [ RunTime:0.000806s ]
INFO: Run content_replace Behavior [ RunTime:0.001233s ]
INFO: [ view_filter ] --END-- [ RunTime:0.003716s ]
INFO: [ view_end ] --START--
INFO: Run ShowPageTrace Behavior [ RunTime:0.000471s ]
INFO: [ view_end ] --END-- [ RunTime:0.000626s ]

[ 2013-11-29T14:15:30+08:00 ] 127.0.0.1 /cscchina/index.php?g=admin&m=forum&a=medias
INFO: [ app_begin ] --START--
INFO: Run ReadHtmlCache Behavior [ RunTime:0.000414s ]
INFO: Run load_lang Behavior [ RunTime:0.001610s ]
INFO: [ app_begin ] --END-- [ RunTime:0.002236s ]
SQL: SHOW COLUMNS FROM `ik_forum` [ RunTime:0.004403s ]
SQL: SHOW COLUMNS FROM `ik_photos` [ RunTime:0.042012s ]
SQL: SELECT * FROM `ik_photos` WHERE ( `type` = 'company' )  [ RunTime:0.029826s ]
INFO: [ view_template ] --START--
INFO: Run LocationTemplate Behavior [ RunTime:0.001072s ]
INFO: [ view_template ] --END-- [ RunTime:0.001180s ]
INFO: [ view_parse ] --START--
NOTIC: [8] Use of undefined constant id - assumed 'id' D:\APMServ5.2.6\www\htdocs\cscchina\data\runtime\Cache\admin\a497abfd23255997716cab704b81fe80.php 第 46 行.
NOTIC: [8] Use of undefined constant simg - assumed 'simg' D:\APMServ5.2.6\www\htdocs\cscchina\data\runtime\Cache\admin\a497abfd23255997716cab704b81fe80.php 第 47 行.
NOTIC: [8] Use of undefined constant type - assumed 'type' D:\APMServ5.2.6\www\htdocs\cscchina\data\runtime\Cache\admin\a497abfd23255997716cab704b81fe80.php 第 50 行.
NOTIC: [8] Use of undefined constant id - assumed 'id' D:\APMServ5.2.6\www\htdocs\cscchina\data\runtime\Cache\admin\a497abfd23255997716cab704b81fe80.php 第 50 行.
NOTIC: [8] Use of undefined constant id - assumed 'id' D:\APMServ5.2.6\www\htdocs\cscchina\data\runtime\Cache\admin\a497abfd23255997716cab704b81fe80.php 第 46 行.
NOTIC: [8] Use of undefined constant simg - assumed 'simg' D:\APMServ5.2.6\www\htdocs\cscchina\data\runtime\Cache\admin\a497abfd23255997716cab704b81fe80.php 第 47 行.
NOTIC: [8] Use of undefined constant type - assumed 'type' D:\APMServ5.2.6\www\htdocs\cscchina\data\runtime\Cache\admin\a497abfd23255997716cab704b81fe80.php 第 50 行.
NOTIC: [8] Use of undefined constant id - assumed 'id' D:\APMServ5.2.6\www\htdocs\cscchina\data\runtime\Cache\admin\a497abfd23255997716cab704b81fe80.php 第 50 行.
NOTIC: [8] Use of undefined constant id - assumed 'id' D:\APMServ5.2.6\www\htdocs\cscchina\data\runtime\Cache\admin\a497abfd23255997716cab704b81fe80.php 第 46 行.
NOTIC: [8] Use of undefined constant simg - assumed 'simg' D:\APMServ5.2.6\www\htdocs\cscchina\data\runtime\Cache\admin\a497abfd23255997716cab704b81fe80.php 第 47 行.
NOTIC: [8] Use of undefined constant type - assumed 'type' D:\APMServ5.2.6\www\htdocs\cscchina\data\runtime\Cache\admin\a497abfd23255997716cab704b81fe80.php 第 50 行.
NOTIC: [8] Use of undefined constant id - assumed 'id' D:\APMServ5.2.6\www\htdocs\cscchina\data\runtime\Cache\admin\a497abfd23255997716cab704b81fe80.php 第 50 行.
NOTIC: [8] Undefined variable: pageUrl D:\APMServ5.2.6\www\htdocs\cscchina\data\runtime\Cache\admin\a497abfd23255997716cab704b81fe80.php 第 55 行.
INFO: Run ParseTemplate Behavior [ RunTime:0.058723s ]
INFO: [ view_parse ] --END-- [ RunTime:0.058827s ]
INFO: [ view_filter ] --START--
INFO: Run ContentReplace Behavior [ RunTime:0.000553s ]
INFO: Run TokenBuild Behavior [ RunTime:0.000396s ]
INFO: Run WriteHtmlCache Behavior [ RunTime:0.000300s ]
INFO: Run ShowRuntime Behavior [ RunTime:0.000684s ]
INFO: Run content_replace Behavior [ RunTime:0.001331s ]
INFO: [ view_filter ] --END-- [ RunTime:0.003640s ]
INFO: [ view_end ] --START--
INFO: Run ShowPageTrace Behavior [ RunTime:0.000393s ]
INFO: [ view_end ] --END-- [ RunTime:0.000488s ]

[ 2013-11-29T14:15:33+08:00 ] 127.0.0.1 /cscchina/index.php?g=admin&m=forum&a=addmedias
INFO: [ app_begin ] --START--
INFO: Run ReadHtmlCache Behavior [ RunTime:0.000394s ]
INFO: Run load_lang Behavior [ RunTime:0.001559s ]
INFO: [ app_begin ] --END-- [ RunTime:0.002162s ]
SQL: SHOW COLUMNS FROM `ik_forum` [ RunTime:0.004859s ]
INFO: [ view_template ] --START--
INFO: Run LocationTemplate Behavior [ RunTime:0.017671s ]
INFO: [ view_template ] --END-- [ RunTime:0.017806s ]
INFO: [ view_parse ] --START--
INFO: Run ParseTemplate Behavior [ RunTime:0.061113s ]
INFO: [ view_parse ] --END-- [ RunTime:0.061248s ]
INFO: [ view_filter ] --START--
INFO: Run ContentReplace Behavior [ RunTime:0.000683s ]
INFO: Run TokenBuild Behavior [ RunTime:0.000514s ]
INFO: Run WriteHtmlCache Behavior [ RunTime:0.000444s ]
INFO: Run ShowRuntime Behavior [ RunTime:0.000719s ]
INFO: Run content_replace Behavior [ RunTime:0.001245s ]
INFO: [ view_filter ] --END-- [ RunTime:0.004006s ]
INFO: [ view_end ] --START--
INFO: Run ShowPageTrace Behavior [ RunTime:0.000380s ]
INFO: [ view_end ] --END-- [ RunTime:0.000470s ]

[ 2013-11-29T14:15:54+08:00 ] 127.0.0.1 /cscchina/index.php?g=admin&m=forum&a=addmedias&type=n
INFO: [ app_begin ] --START--
INFO: Run ReadHtmlCache Behavior [ RunTime:0.000390s ]
INFO: Run load_lang Behavior [ RunTime:0.001574s ]
INFO: [ app_begin ] --END-- [ RunTime:0.002170s ]
SQL: SHOW COLUMNS FROM `ik_forum` [ RunTime:0.004861s ]
INFO: [ view_template ] --START--
INFO: Run LocationTemplate Behavior [ RunTime:0.001409s ]
INFO: [ view_template ] --END-- [ RunTime:0.001516s ]
INFO: [ view_parse ] --START--
INFO: Run ParseTemplate Behavior [ RunTime:0.015369s ]
INFO: [ view_parse ] --END-- [ RunTime:0.015492s ]
INFO: [ view_filter ] --START--
INFO: Run ContentReplace Behavior [ RunTime:0.000468s ]
INFO: Run TokenBuild Behavior [ RunTime:0.000351s ]
INFO: Run WriteHtmlCache Behavior [ RunTime:0.000294s ]
INFO: Run ShowRuntime Behavior [ RunTime:0.000644s ]
INFO: Run content_replace Behavior [ RunTime:0.001709s ]
INFO: [ view_filter ] --END-- [ RunTime:0.003815s ]
INFO: [ view_end ] --START--
INFO: Run ShowPageTrace Behavior [ RunTime:0.000485s ]
INFO: [ view_end ] --END-- [ RunTime:0.000603s ]

[ 2013-11-29T14:15:56+08:00 ] 127.0.0.1 /cscchina/index.php?g=admin&m=forum&a=addmedias
INFO: [ app_begin ] --START--
INFO: Run ReadHtmlCache Behavior [ RunTime:0.000398s ]
INFO: Run load_lang Behavior [ RunTime:0.001691s ]
INFO: [ app_begin ] --END-- [ RunTime:0.002308s ]
SQL: SHOW COLUMNS FROM `ik_forum` [ RunTime:0.004918s ]
INFO: [ view_template ] --START--
INFO: Run LocationTemplate Behavior [ RunTime:0.001349s ]
INFO: [ view_template ] --END-- [ RunTime:0.001464s ]
INFO: [ view_parse ] --START--
INFO: Run ParseTemplate Behavior [ RunTime:0.014777s ]
INFO: [ view_parse ] --END-- [ RunTime:0.014906s ]
INFO: [ view_filter ] --START--
INFO: Run ContentReplace Behavior [ RunTime:0.000594s ]
INFO: Run TokenBuild Behavior [ RunTime:0.000430s ]
INFO: Run WriteHtmlCache Behavior [ RunTime:0.000286s ]
INFO: Run ShowRuntime Behavior [ RunTime:0.000656s ]
INFO: Run content_replace Behavior [ RunTime:0.001235s ]
INFO: [ view_filter ] --END-- [ RunTime:0.003615s ]
INFO: [ view_end ] --START--
INFO: Run ShowPageTrace Behavior [ RunTime:0.000423s ]
INFO: [ view_end ] --END-- [ RunTime:0.000519s ]

[ 2013-11-29T14:16:04+08:00 ] 127.0.0.1 /cscchina/index.php?g=admin&m=forum&a=addmedias
INFO: [ app_begin ] --START--
INFO: Run ReadHtmlCache Behavior [ RunTime:0.000402s ]
INFO: Run load_lang Behavior [ RunTime:0.001570s ]
INFO: [ app_begin ] --END-- [ RunTime:0.002193s ]
SQL: SHOW COLUMNS FROM `ik_forum` [ RunTime:0.004861s ]
INFO: [ view_template ] --START--
INFO: Run LocationTemplate Behavior [ RunTime:0.001376s ]
INFO: [ view_template ] --END-- [ RunTime:0.001497s ]
INFO: [ view_parse ] --START--
INFO: Run ParseTemplate Behavior [ RunTime:0.015320s ]
INFO: [ view_parse ] --END-- [ RunTime:0.015446s ]
INFO: [ view_filter ] --START--
INFO: Run ContentReplace Behavior [ RunTime:0.000489s ]
INFO: Run TokenBuild Behavior [ RunTime:0.000357s ]
INFO: Run WriteHtmlCache Behavior [ RunTime:0.000287s ]
INFO: Run ShowRuntime Behavior [ RunTime:0.000647s ]
INFO: Run content_replace Behavior [ RunTime:0.001255s ]
INFO: [ view_filter ] --END-- [ RunTime:0.003375s ]
INFO: [ view_end ] --START--
INFO: Run ShowPageTrace Behavior [ RunTime:0.000514s ]
INFO: [ view_end ] --END-- [ RunTime:0.000654s ]

